#
# A fatal error has been detected by the Java Runtime Environment:
#
#  EXCEPTION_PRIV_INSTRUCTION (0xc0000096) at pc=0x000001f722f8f3a4, pid=4536, tid=13328
#
# JRE version: Java(TM) SE Runtime Environment (16.0.2+7) (build 16.0.2+7-67)
# Java VM: Java HotSpot(TM) 64-Bit Server VM (16.0.2+7-67, mixed mode, sharing, tiered, compressed oops, compressed class ptrs, g1 gc, windows-amd64)
# Problematic frame:
# j  java.nio.DirectLongBufferU.ix(I)J+0 java.base@16.0.2
#
# No core dump will be written. Minidumps are not enabled by default on client versions of Windows
#
# If you would like to submit a bug report, please visit:
#   https://bugreport.java.com/bugreport/crash.jsp
#

---------------  S U M M A R Y ------------

Command Line: -Dclassworlds.conf=C:/apache-maven-3.8.4/bin/m2.conf -Dmaven.home=C:/apache-maven-3.8.4 -Dlibrary.jansi.path=C:/apache-maven-3.8.4/lib/jansi-native -Dmaven.multiModuleProjectDirectory=C:/Users/stagiaire-it/Documents/projet-test/backend/java-fonctional-programming -Xmx2048M org.codehaus.plexus.classworlds.launcher.Launcher spring-boot:run -X

Host: Intel(R) Core(TM) i5-7500 CPU @ 3.40GHz, 4 cores, 15G,  Windows 10 , 64 bit Build 17134 (10.0.17134.753)
Time: Fri Sep 23 17:53:30 2022 Afr. centrale Ouest elapsed time: 0.264890 seconds (0d 0h 0m 0s)

---------------  T H R E A D  ---------------

Current thread (0x000001f71a040890):  JavaThread "main" [_thread_in_Java, id=13328, stack(0x0000000dc8300000,0x0000000dc8400000)]

Stack: [0x0000000dc8300000,0x0000000dc8400000],  sp=0x0000000dc83fdf18,  free space=1015k
Native frames: (J=compiled Java code, j=interpreted, Vv=VM code, C=native code)
C  0x000001f722f8f3a4


siginfo: EXCEPTION_PRIV_INSTRUCTION (0xc0000096)


Register to memory mapping:

RIP=0x000001f722f8f3a4 is at code_begin+36 in an Interpreter codelet
iconst_3  6 iconst_3  [0x000001f722f8f380, 0x000001f722f8f3e0]  96 bytes
RAX=0x0 is NULL
RBX=0x0000000000000006 is an unknown value
RCX=0x000000080037b430 is pointing into metadata
RDX=0x000000000000000c is an unknown value
RSP=0x0000000dc83fdf18 is pointing into the stack for thread: 0x000001f71a040890
RBP=0x0000000dc83fdf80 is pointing into the stack for thread: 0x000001f71a040890
RSI=0x000001f739c1c6d0 is pointing into metadata
RDI=0x000001f722f895e1 is at code_begin+1345 in an Interpreter codelet
return entry points  [0x000001f722f890a0, 0x000001f722f89be0]  2880 bytes
R8 =0x0000000000000083 is an unknown value
R9 =0x000000008fe13b38 is an oop: java.nio.DirectLongBufferU 
{0x000000008fe13b38} - klass: 'java/nio/DirectLongBufferU'
R10=0x00007ffd9381b5b0 jvm.dll
R11=0x0000000dc83fe130 is pointing into the stack for thread: 0x000001f71a040890
R12=0x0 is NULL
R13=0x0000000800a49b16 is pointing into metadata
R14=0x0000000dc83fdf98 is pointing into the stack for thread: 0x000001f71a040890
R15=0x000001f71a040890 is a thread


Registers:
RAX=0x0000000000000000, RBX=0x0000000000000006, RCX=0x000000080037b430, RDX=0x000000000000000c
RSP=0x0000000dc83fdf18, RBP=0x0000000dc83fdf80, RSI=0x000001f739c1c6d0, RDI=0x000001f722f895e1
R8 =0x0000000000000083, R9 =0x000000008fe13b38, R10=0x00007ffd9381b5b0, R11=0x0000000dc83fe130
R12=0x0000000000000000, R13=0x0000000800a49b16, R14=0x0000000dc83fdf98, R15=0x000001f71a040890
RIP=0x000001f722f8f3a4, EFLAGS=0x0000000000010206

Top of Stack: (sp=0x0000000dc83fdf18)
0x0000000dc83fdf18:   0000000000000000 0000000000000001
0x0000000dc83fdf28:   000001f71a1237a0 0000000000000000
0x0000000dc83fdf38:   0000000dc83fdf38 0000000800a49b10
0x0000000dc83fdf48:   0000000dc83fdf98 000000080037b430
0x0000000dc83fdf58:   0000000000000000 000000008fe13668
0x0000000dc83fdf68:   000000080037c300 0000000000000000
0x0000000dc83fdf78:   0000000dc83fdf90 0000000dc83fe000
0x0000000dc83fdf88:   000001f722f895e1 0000000000000000
0x0000000dc83fdf98:   000000008fe13b38 0000000000000000
0x0000000dc83fdfa8:   0000000000000000 000000008ff22a60
0x0000000dc83fdfb8:   0000000dc83fdfb8 0000000800a491a6
0x0000000dc83fdfc8:   0000000dc83fe030 000000080037b430
0x0000000dc83fdfd8:   0000000000000000 000000008fe13668
0x0000000dc83fdfe8:   000000080037be50 0000000dc83fdf90
0x0000000dc83fdff8:   0000000dc83fe028 0000000dc83fe090
0x0000000dc83fe008:   000001f722f895e1 0000000000000000 

Instructions: (pc=0x000001f722f8f3a4)
0x000001f722f8f2a4:   48 c7 44 24 08 00 00 00 00 e9 01 00 00 00 50 b8
0x000001f722f8f2b4:   01 00 00 00 41 0f b6 5d 01 49 ff c5 49 ba b0 ad
0x000001f722f8f2c4:   81 93 fd 7f 00 00 41 ff 24 da 66 90 00 00 00 00
0x000001f722f8f2d4:   00 00 00 00 00 00 00 00 00 00 00 00 80 00 00 00
0x000001f722f8f2e4:   00 00 00 00 88 ce 5c 93 fd 7f 00 00 05 00 00 00
0x000001f722f8f2f4:   00 00 00 00 00 00 00 00 00 00 00 00 48 83 ec 08
0x000001f722f8f304:   c5 fa 11 04 24 e9 25 00 00 00 48 83 ec 10 c5 fb
0x000001f722f8f314:   11 04 24 e9 17 00 00 00 48 83 ec 10 48 89 04 24
0x000001f722f8f324:   48 c7 44 24 08 00 00 00 00 e9 01 00 00 00 50 b8
0x000001f722f8f334:   02 00 00 00 41 0f b6 5d 01 49 ff c5 49 ba b0 ad
0x000001f722f8f344:   81 93 fd 7f 00 00 41 ff 24 da 66 90 00 00 00 00
0x000001f722f8f354:   00 00 00 00 00 00 00 00 00 00 00 00 80 00 00 00
0x000001f722f8f364:   00 00 00 00 98 ce 5c 93 fd 7f 00 00 06 00 00 00
0x000001f722f8f374:   00 00 00 00 00 00 00 00 00 00 00 00 48 83 ec 08
0x000001f722f8f384:   c5 fa 11 04 24 e9 25 00 00 00 48 83 ec 10 c5 fb
0x000001f722f8f394:   11 04 24 e9 17 00 00 00 48 83 ec 10 48 89 04 24
0x000001f722f8f3a4:   48 c7 44 24 08 00 00 00 00 e9 01 00 00 00 50 b8
0x000001f722f8f3b4:   03 00 00 00 41 0f b6 5d 01 49 ff c5 49 ba b0 ad
0x000001f722f8f3c4:   81 93 fd 7f 00 00 41 ff 24 da 66 90 00 00 00 00
0x000001f722f8f3d4:   00 00 00 00 00 00 00 00 00 00 00 00 80 00 00 00
0x000001f722f8f3e4:   00 00 00 00 a8 ce 5c 93 fd 7f 00 00 07 00 00 00
0x000001f722f8f3f4:   00 00 00 00 00 00 00 00 00 00 00 00 48 83 ec 08
0x000001f722f8f404:   c5 fa 11 04 24 e9 25 00 00 00 48 83 ec 10 c5 fb
0x000001f722f8f414:   11 04 24 e9 17 00 00 00 48 83 ec 10 48 89 04 24
0x000001f722f8f424:   48 c7 44 24 08 00 00 00 00 e9 01 00 00 00 50 b8
0x000001f722f8f434:   04 00 00 00 41 0f b6 5d 01 49 ff c5 49 ba b0 ad
0x000001f722f8f444:   81 93 fd 7f 00 00 41 ff 24 da 66 90 00 00 00 00
0x000001f722f8f454:   00 00 00 00 00 00 00 00 00 00 00 00 80 00 00 00
0x000001f722f8f464:   00 00 00 00 b8 ce 5c 93 fd 7f 00 00 08 00 00 00
0x000001f722f8f474:   00 00 00 00 00 00 00 00 00 00 00 00 48 83 ec 08
0x000001f722f8f484:   c5 fa 11 04 24 e9 25 00 00 00 48 83 ec 10 c5 fb
0x000001f722f8f494:   11 04 24 e9 17 00 00 00 48 83 ec 10 48 89 04 24 


Stack slot to memory mapping:
stack at sp + 0 slots: 0x0 is NULL
stack at sp + 1 slots: 0x0000000000000001 is an unknown value
stack at sp + 2 slots: 0x000001f71a1237a0 points into unknown readable memory: 0x00000000038e9241 | 41 92 8e 03 00 00 00 00
stack at sp + 3 slots: 0x0 is NULL
stack at sp + 4 slots: 0x0000000dc83fdf38 is pointing into the stack for thread: 0x000001f71a040890
stack at sp + 5 slots: 0x0000000800a49b10 is pointing into metadata
stack at sp + 6 slots: 0x0000000dc83fdf98 is pointing into the stack for thread: 0x000001f71a040890
stack at sp + 7 slots: 0x000000080037b430 is pointing into metadata

iconst_3  6 iconst_3  [0x000001f722f8f380, 0x000001f722f8f3e0]  96 bytes
[MachCode]
  0x000001f722f8f380: 4883 ec08 | c5fa 1104 | 24e9 2500 | 0000 4883 | ec10 c5fb | 1104 24e9 | 1700 0000 | 4883 ec10 
  0x000001f722f8f3a0: 4889 0424 | 48c7 4424 | 0800 0000 | 00e9 0100 | 0000 50b8 | 0300 0000 | 410f b65d | 0149 ffc5 
  0x000001f722f8f3c0: 49ba b0ad | 8193 fd7f | 0000 41ff | 24da 6690 | 0000 0000 | 0000 0000 | 0000 0000 | 0000 0000 
[/MachCode]

---------------  P R O C E S S  ---------------

Threads class SMR info:
_java_thread_list=0x000001f73a53b420, length=12, elements={
0x000001f71a040890, 0x000001f7397ebb10, 0x000001f7397ecd00, 0x000001f739802920,
0x000001f739803230, 0x000001f739805f70, 0x000001f739806880, 0x000001f739807570,
0x000001f7398103a0, 0x000001f73981f010, 0x000001f73a513cd0, 0x000001f73a53ad30
}

Java Threads: ( => current thread )
=>0x000001f71a040890 JavaThread "main" [_thread_in_Java, id=13328, stack(0x0000000dc8300000,0x0000000dc8400000)]
  0x000001f7397ebb10 JavaThread "Reference Handler" daemon [_thread_blocked, id=1904, stack(0x0000000dc8a00000,0x0000000dc8b00000)]
  0x000001f7397ecd00 JavaThread "Finalizer" daemon [_thread_blocked, id=2392, stack(0x0000000dc8b00000,0x0000000dc8c00000)]
  0x000001f739802920 JavaThread "Signal Dispatcher" daemon [_thread_blocked, id=7488, stack(0x0000000dc8c00000,0x0000000dc8d00000)]
  0x000001f739803230 JavaThread "Attach Listener" daemon [_thread_blocked, id=5588, stack(0x0000000dc8d00000,0x0000000dc8e00000)]
  0x000001f739805f70 JavaThread "Service Thread" daemon [_thread_blocked, id=5276, stack(0x0000000dc8e00000,0x0000000dc8f00000)]
  0x000001f739806880 JavaThread "Monitor Deflation Thread" daemon [_thread_blocked, id=8872, stack(0x0000000dc8f00000,0x0000000dc9000000)]
  0x000001f739807570 JavaThread "C2 CompilerThread0" daemon [_thread_blocked, id=6116, stack(0x0000000dc9000000,0x0000000dc9100000)]
  0x000001f7398103a0 JavaThread "C1 CompilerThread0" daemon [_thread_blocked, id=7344, stack(0x0000000dc9100000,0x0000000dc9200000)]
  0x000001f73981f010 JavaThread "Sweeper thread" daemon [_thread_blocked, id=1428, stack(0x0000000dc9200000,0x0000000dc9300000)]
  0x000001f73a513cd0 JavaThread "Notification Thread" daemon [_thread_blocked, id=6056, stack(0x0000000dc9300000,0x0000000dc9400000)]
  0x000001f73a53ad30 JavaThread "Common-Cleaner" daemon [_thread_blocked, id=13496, stack(0x0000000dc9500000,0x0000000dc9600000)]

Other Threads:
  0x000001f7397e3b80 VMThread "VM Thread" [stack: 0x0000000dc8900000,0x0000000dc8a00000] [id=15060]
  0x000001f73a539040 WatcherThread [stack: 0x0000000dc9400000,0x0000000dc9500000] [id=8656]
  0x000001f71a07ffb0 GCTaskThread "GC Thread#0" [stack: 0x0000000dc8400000,0x0000000dc8500000] [id=6876]
  0x000001f71a091000 ConcurrentGCThread "G1 Main Marker" [stack: 0x0000000dc8500000,0x0000000dc8600000] [id=1160]
  0x000001f71a091a00 ConcurrentGCThread "G1 Conc#0" [stack: 0x0000000dc8600000,0x0000000dc8700000] [id=12476]
  0x000001f71a10bf70 ConcurrentGCThread "G1 Refine#0" [stack: 0x0000000dc8700000,0x0000000dc8800000] [id=876]
  0x000001f71a10c980 ConcurrentGCThread "G1 Service" [stack: 0x0000000dc8800000,0x0000000dc8900000] [id=14752]

Threads with active compile tasks:

VM state: not at safepoint (normal execution)

VM Mutex/Monitor currently owned by a thread: None

Heap address: 0x0000000080000000, size: 2048 MB, Compressed Oops mode: 32-bit

CDS archive(s) mapped at: [0x0000000800000000-0x0000000800bb0000-0x0000000800bb0000), size 12255232, SharedBaseAddress: 0x0000000800000000, ArchiveRelocationMode: 0.
Compressed class space mapped at: 0x0000000800c00000-0x0000000840c00000, reserved size: 1073741824
Narrow klass base: 0x0000000800000000, Narrow klass shift: 3, Narrow klass range: 0x100000000

GC Precious Log:
 CPUs: 4 total, 4 available
 Memory: 16263M
 Large Page Support: Disabled
 NUMA Support: Disabled
 Compressed Oops: Enabled (32-bit)
 Heap Region Size: 1M
 Heap Min Capacity: 8M
 Heap Initial Capacity: 256M
 Heap Max Capacity: 2G
 Pre-touch: Disabled
 Parallel Workers: 4
 Concurrent Workers: 1
 Concurrent Refinement Workers: 4
 Periodic GC: Disabled

Heap:
 garbage-first heap   total 262144K, used 1024K [0x0000000080000000, 0x0000000100000000)
  region size 1024K, 2 young (2048K), 0 survivors (0K)
 Metaspace       used 390K, committed 512K, reserved 1056768K
  class space    used 26K, committed 128K, reserved 1048576K

Heap Regions: E=young(eden), S=young(survivor), O=old, HS=humongous(starts), HC=humongous(continues), CS=collection set, F=free, OA=open archive, CA=closed archive, TAMS=top-at-mark-start (previous, next)
|   0|0x0000000080000000, 0x0000000080000000, 0x0000000080100000|  0%| F|  |TAMS 0x0000000080000000, 0x0000000080000000| Untracked 
|   1|0x0000000080100000, 0x0000000080100000, 0x0000000080200000|  0%| F|  |TAMS 0x0000000080100000, 0x0000000080100000| Untracked 
|   2|0x0000000080200000, 0x0000000080200000, 0x0000000080300000|  0%| F|  |TAMS 0x0000000080200000, 0x0000000080200000| Untracked 
|   3|0x0000000080300000, 0x0000000080300000, 0x0000000080400000|  0%| F|  |TAMS 0x0000000080300000, 0x0000000080300000| Untracked 
|   4|0x0000000080400000, 0x0000000080400000, 0x0000000080500000|  0%| F|  |TAMS 0x0000000080400000, 0x0000000080400000| Untracked 
|   5|0x0000000080500000, 0x0000000080500000, 0x0000000080600000|  0%| F|  |TAMS 0x0000000080500000, 0x0000000080500000| Untracked 
|   6|0x0000000080600000, 0x0000000080600000, 0x0000000080700000|  0%| F|  |TAMS 0x0000000080600000, 0x0000000080600000| Untracked 
|   7|0x0000000080700000, 0x0000000080700000, 0x0000000080800000|  0%| F|  |TAMS 0x0000000080700000, 0x0000000080700000| Untracked 
|   8|0x0000000080800000, 0x0000000080800000, 0x0000000080900000|  0%| F|  |TAMS 0x0000000080800000, 0x0000000080800000| Untracked 
|   9|0x0000000080900000, 0x0000000080900000, 0x0000000080a00000|  0%| F|  |TAMS 0x0000000080900000, 0x0000000080900000| Untracked 
|  10|0x0000000080a00000, 0x0000000080a00000, 0x0000000080b00000|  0%| F|  |TAMS 0x0000000080a00000, 0x0000000080a00000| Untracked 
|  11|0x0000000080b00000, 0x0000000080b00000, 0x0000000080c00000|  0%| F|  |TAMS 0x0000000080b00000, 0x0000000080b00000| Untracked 
|  12|0x0000000080c00000, 0x0000000080c00000, 0x0000000080d00000|  0%| F|  |TAMS 0x0000000080c00000, 0x0000000080c00000| Untracked 
|  13|0x0000000080d00000, 0x0000000080d00000, 0x0000000080e00000|  0%| F|  |TAMS 0x0000000080d00000, 0x0000000080d00000| Untracked 
|  14|0x0000000080e00000, 0x0000000080e00000, 0x0000000080f00000|  0%| F|  |TAMS 0x0000000080e00000, 0x0000000080e00000| Untracked 
|  15|0x0000000080f00000, 0x0000000080f00000, 0x0000000081000000|  0%| F|  |TAMS 0x0000000080f00000, 0x0000000080f00000| Untracked 
|  16|0x0000000081000000, 0x0000000081000000, 0x0000000081100000|  0%| F|  |TAMS 0x0000000081000000, 0x0000000081000000| Untracked 
|  17|0x0000000081100000, 0x0000000081100000, 0x0000000081200000|  0%| F|  |TAMS 0x0000000081100000, 0x0000000081100000| Untracked 
|  18|0x0000000081200000, 0x0000000081200000, 0x0000000081300000|  0%| F|  |TAMS 0x0000000081200000, 0x0000000081200000| Untracked 
|  19|0x0000000081300000, 0x0000000081300000, 0x0000000081400000|  0%| F|  |TAMS 0x0000000081300000, 0x0000000081300000| Untracked 
|  20|0x0000000081400000, 0x0000000081400000, 0x0000000081500000|  0%| F|  |TAMS 0x0000000081400000, 0x0000000081400000| Untracked 
|  21|0x0000000081500000, 0x0000000081500000, 0x0000000081600000|  0%| F|  |TAMS 0x0000000081500000, 0x0000000081500000| Untracked 
|  22|0x0000000081600000, 0x0000000081600000, 0x0000000081700000|  0%| F|  |TAMS 0x0000000081600000, 0x0000000081600000| Untracked 
|  23|0x0000000081700000, 0x0000000081700000, 0x0000000081800000|  0%| F|  |TAMS 0x0000000081700000, 0x0000000081700000| Untracked 
|  24|0x0000000081800000, 0x0000000081800000, 0x0000000081900000|  0%| F|  |TAMS 0x0000000081800000, 0x0000000081800000| Untracked 
|  25|0x0000000081900000, 0x0000000081900000, 0x0000000081a00000|  0%| F|  |TAMS 0x0000000081900000, 0x0000000081900000| Untracked 
|  26|0x0000000081a00000, 0x0000000081a00000, 0x0000000081b00000|  0%| F|  |TAMS 0x0000000081a00000, 0x0000000081a00000| Untracked 
|  27|0x0000000081b00000, 0x0000000081b00000, 0x0000000081c00000|  0%| F|  |TAMS 0x0000000081b00000, 0x0000000081b00000| Untracked 
|  28|0x0000000081c00000, 0x0000000081c00000, 0x0000000081d00000|  0%| F|  |TAMS 0x0000000081c00000, 0x0000000081c00000| Untracked 
|  29|0x0000000081d00000, 0x0000000081d00000, 0x0000000081e00000|  0%| F|  |TAMS 0x0000000081d00000, 0x0000000081d00000| Untracked 
|  30|0x0000000081e00000, 0x0000000081e00000, 0x0000000081f00000|  0%| F|  |TAMS 0x0000000081e00000, 0x0000000081e00000| Untracked 
|  31|0x0000000081f00000, 0x0000000081f00000, 0x0000000082000000|  0%| F|  |TAMS 0x0000000081f00000, 0x0000000081f00000| Untracked 
|  32|0x0000000082000000, 0x0000000082000000, 0x0000000082100000|  0%| F|  |TAMS 0x0000000082000000, 0x0000000082000000| Untracked 
|  33|0x0000000082100000, 0x0000000082100000, 0x0000000082200000|  0%| F|  |TAMS 0x0000000082100000, 0x0000000082100000| Untracked 
|  34|0x0000000082200000, 0x0000000082200000, 0x0000000082300000|  0%| F|  |TAMS 0x0000000082200000, 0x0000000082200000| Untracked 
|  35|0x0000000082300000, 0x0000000082300000, 0x0000000082400000|  0%| F|  |TAMS 0x0000000082300000, 0x0000000082300000| Untracked 
|  36|0x0000000082400000, 0x0000000082400000, 0x0000000082500000|  0%| F|  |TAMS 0x0000000082400000, 0x0000000082400000| Untracked 
|  37|0x0000000082500000, 0x0000000082500000, 0x0000000082600000|  0%| F|  |TAMS 0x0000000082500000, 0x0000000082500000| Untracked 
|  38|0x0000000082600000, 0x0000000082600000, 0x0000000082700000|  0%| F|  |TAMS 0x0000000082600000, 0x0000000082600000| Untracked 
|  39|0x0000000082700000, 0x0000000082700000, 0x0000000082800000|  0%| F|  |TAMS 0x0000000082700000, 0x0000000082700000| Untracked 
|  40|0x0000000082800000, 0x0000000082800000, 0x0000000082900000|  0%| F|  |TAMS 0x0000000082800000, 0x0000000082800000| Untracked 
|  41|0x0000000082900000, 0x0000000082900000, 0x0000000082a00000|  0%| F|  |TAMS 0x0000000082900000, 0x0000000082900000| Untracked 
|  42|0x0000000082a00000, 0x0000000082a00000, 0x0000000082b00000|  0%| F|  |TAMS 0x0000000082a00000, 0x0000000082a00000| Untracked 
|  43|0x0000000082b00000, 0x0000000082b00000, 0x0000000082c00000|  0%| F|  |TAMS 0x0000000082b00000, 0x0000000082b00000| Untracked 
|  44|0x0000000082c00000, 0x0000000082c00000, 0x0000000082d00000|  0%| F|  |TAMS 0x0000000082c00000, 0x0000000082c00000| Untracked 
|  45|0x0000000082d00000, 0x0000000082d00000, 0x0000000082e00000|  0%| F|  |TAMS 0x0000000082d00000, 0x0000000082d00000| Untracked 
|  46|0x0000000082e00000, 0x0000000082e00000, 0x0000000082f00000|  0%| F|  |TAMS 0x0000000082e00000, 0x0000000082e00000| Untracked 
|  47|0x0000000082f00000, 0x0000000082f00000, 0x0000000083000000|  0%| F|  |TAMS 0x0000000082f00000, 0x0000000082f00000| Untracked 
|  48|0x0000000083000000, 0x0000000083000000, 0x0000000083100000|  0%| F|  |TAMS 0x0000000083000000, 0x0000000083000000| Untracked 
|  49|0x0000000083100000, 0x0000000083100000, 0x0000000083200000|  0%| F|  |TAMS 0x0000000083100000, 0x0000000083100000| Untracked 
|  50|0x0000000083200000, 0x0000000083200000, 0x0000000083300000|  0%| F|  |TAMS 0x0000000083200000, 0x0000000083200000| Untracked 
|  51|0x0000000083300000, 0x0000000083300000, 0x0000000083400000|  0%| F|  |TAMS 0x0000000083300000, 0x0000000083300000| Untracked 
|  52|0x0000000083400000, 0x0000000083400000, 0x0000000083500000|  0%| F|  |TAMS 0x0000000083400000, 0x0000000083400000| Untracked 
|  53|0x0000000083500000, 0x0000000083500000, 0x0000000083600000|  0%| F|  |TAMS 0x0000000083500000, 0x0000000083500000| Untracked 
|  54|0x0000000083600000, 0x0000000083600000, 0x0000000083700000|  0%| F|  |TAMS 0x0000000083600000, 0x0000000083600000| Untracked 
|  55|0x0000000083700000, 0x0000000083700000, 0x0000000083800000|  0%| F|  |TAMS 0x0000000083700000, 0x0000000083700000| Untracked 
|  56|0x0000000083800000, 0x0000000083800000, 0x0000000083900000|  0%| F|  |TAMS 0x0000000083800000, 0x0000000083800000| Untracked 
|  57|0x0000000083900000, 0x0000000083900000, 0x0000000083a00000|  0%| F|  |TAMS 0x0000000083900000, 0x0000000083900000| Untracked 
|  58|0x0000000083a00000, 0x0000000083a00000, 0x0000000083b00000|  0%| F|  |TAMS 0x0000000083a00000, 0x0000000083a00000| Untracked 
|  59|0x0000000083b00000, 0x0000000083b00000, 0x0000000083c00000|  0%| F|  |TAMS 0x0000000083b00000, 0x0000000083b00000| Untracked 
|  60|0x0000000083c00000, 0x0000000083c00000, 0x0000000083d00000|  0%| F|  |TAMS 0x0000000083c00000, 0x0000000083c00000| Untracked 
|  61|0x0000000083d00000, 0x0000000083d00000, 0x0000000083e00000|  0%| F|  |TAMS 0x0000000083d00000, 0x0000000083d00000| Untracked 
|  62|0x0000000083e00000, 0x0000000083e00000, 0x0000000083f00000|  0%| F|  |TAMS 0x0000000083e00000, 0x0000000083e00000| Untracked 
|  63|0x0000000083f00000, 0x0000000083f00000, 0x0000000084000000|  0%| F|  |TAMS 0x0000000083f00000, 0x0000000083f00000| Untracked 
|  64|0x0000000084000000, 0x0000000084000000, 0x0000000084100000|  0%| F|  |TAMS 0x0000000084000000, 0x0000000084000000| Untracked 
|  65|0x0000000084100000, 0x0000000084100000, 0x0000000084200000|  0%| F|  |TAMS 0x0000000084100000, 0x0000000084100000| Untracked 
|  66|0x0000000084200000, 0x0000000084200000, 0x0000000084300000|  0%| F|  |TAMS 0x0000000084200000, 0x0000000084200000| Untracked 
|  67|0x0000000084300000, 0x0000000084300000, 0x0000000084400000|  0%| F|  |TAMS 0x0000000084300000, 0x0000000084300000| Untracked 
|  68|0x0000000084400000, 0x0000000084400000, 0x0000000084500000|  0%| F|  |TAMS 0x0000000084400000, 0x0000000084400000| Untracked 
|  69|0x0000000084500000, 0x0000000084500000, 0x0000000084600000|  0%| F|  |TAMS 0x0000000084500000, 0x0000000084500000| Untracked 
|  70|0x0000000084600000, 0x0000000084600000, 0x0000000084700000|  0%| F|  |TAMS 0x0000000084600000, 0x0000000084600000| Untracked 
|  71|0x0000000084700000, 0x0000000084700000, 0x0000000084800000|  0%| F|  |TAMS 0x0000000084700000, 0x0000000084700000| Untracked 
|  72|0x0000000084800000, 0x0000000084800000, 0x0000000084900000|  0%| F|  |TAMS 0x0000000084800000, 0x0000000084800000| Untracked 
|  73|0x0000000084900000, 0x0000000084900000, 0x0000000084a00000|  0%| F|  |TAMS 0x0000000084900000, 0x0000000084900000| Untracked 
|  74|0x0000000084a00000, 0x0000000084a00000, 0x0000000084b00000|  0%| F|  |TAMS 0x0000000084a00000, 0x0000000084a00000| Untracked 
|  75|0x0000000084b00000, 0x0000000084b00000, 0x0000000084c00000|  0%| F|  |TAMS 0x0000000084b00000, 0x0000000084b00000| Untracked 
|  76|0x0000000084c00000, 0x0000000084c00000, 0x0000000084d00000|  0%| F|  |TAMS 0x0000000084c00000, 0x0000000084c00000| Untracked 
|  77|0x0000000084d00000, 0x0000000084d00000, 0x0000000084e00000|  0%| F|  |TAMS 0x0000000084d00000, 0x0000000084d00000| Untracked 
|  78|0x0000000084e00000, 0x0000000084e00000, 0x0000000084f00000|  0%| F|  |TAMS 0x0000000084e00000, 0x0000000084e00000| Untracked 
|  79|0x0000000084f00000, 0x0000000084f00000, 0x0000000085000000|  0%| F|  |TAMS 0x0000000084f00000, 0x0000000084f00000| Untracked 
|  80|0x0000000085000000, 0x0000000085000000, 0x0000000085100000|  0%| F|  |TAMS 0x0000000085000000, 0x0000000085000000| Untracked 
|  81|0x0000000085100000, 0x0000000085100000, 0x0000000085200000|  0%| F|  |TAMS 0x0000000085100000, 0x0000000085100000| Untracked 
|  82|0x0000000085200000, 0x0000000085200000, 0x0000000085300000|  0%| F|  |TAMS 0x0000000085200000, 0x0000000085200000| Untracked 
|  83|0x0000000085300000, 0x0000000085300000, 0x0000000085400000|  0%| F|  |TAMS 0x0000000085300000, 0x0000000085300000| Untracked 
|  84|0x0000000085400000, 0x0000000085400000, 0x0000000085500000|  0%| F|  |TAMS 0x0000000085400000, 0x0000000085400000| Untracked 
|  85|0x0000000085500000, 0x0000000085500000, 0x0000000085600000|  0%| F|  |TAMS 0x0000000085500000, 0x0000000085500000| Untracked 
|  86|0x0000000085600000, 0x0000000085600000, 0x0000000085700000|  0%| F|  |TAMS 0x0000000085600000, 0x0000000085600000| Untracked 
|  87|0x0000000085700000, 0x0000000085700000, 0x0000000085800000|  0%| F|  |TAMS 0x0000000085700000, 0x0000000085700000| Untracked 
|  88|0x0000000085800000, 0x0000000085800000, 0x0000000085900000|  0%| F|  |TAMS 0x0000000085800000, 0x0000000085800000| Untracked 
|  89|0x0000000085900000, 0x0000000085900000, 0x0000000085a00000|  0%| F|  |TAMS 0x0000000085900000, 0x0000000085900000| Untracked 
|  90|0x0000000085a00000, 0x0000000085a00000, 0x0000000085b00000|  0%| F|  |TAMS 0x0000000085a00000, 0x0000000085a00000| Untracked 
|  91|0x0000000085b00000, 0x0000000085b00000, 0x0000000085c00000|  0%| F|  |TAMS 0x0000000085b00000, 0x0000000085b00000| Untracked 
|  92|0x0000000085c00000, 0x0000000085c00000, 0x0000000085d00000|  0%| F|  |TAMS 0x0000000085c00000, 0x0000000085c00000| Untracked 
|  93|0x0000000085d00000, 0x0000000085d00000, 0x0000000085e00000|  0%| F|  |TAMS 0x0000000085d00000, 0x0000000085d00000| Untracked 
|  94|0x0000000085e00000, 0x0000000085e00000, 0x0000000085f00000|  0%| F|  |TAMS 0x0000000085e00000, 0x0000000085e00000| Untracked 
|  95|0x0000000085f00000, 0x0000000085f00000, 0x0000000086000000|  0%| F|  |TAMS 0x0000000085f00000, 0x0000000085f00000| Untracked 
|  96|0x0000000086000000, 0x0000000086000000, 0x0000000086100000|  0%| F|  |TAMS 0x0000000086000000, 0x0000000086000000| Untracked 
|  97|0x0000000086100000, 0x0000000086100000, 0x0000000086200000|  0%| F|  |TAMS 0x0000000086100000, 0x0000000086100000| Untracked 
|  98|0x0000000086200000, 0x0000000086200000, 0x0000000086300000|  0%| F|  |TAMS 0x0000000086200000, 0x0000000086200000| Untracked 
|  99|0x0000000086300000, 0x0000000086300000, 0x0000000086400000|  0%| F|  |TAMS 0x0000000086300000, 0x0000000086300000| Untracked 
| 100|0x0000000086400000, 0x0000000086400000, 0x0000000086500000|  0%| F|  |TAMS 0x0000000086400000, 0x0000000086400000| Untracked 
| 101|0x0000000086500000, 0x0000000086500000, 0x0000000086600000|  0%| F|  |TAMS 0x0000000086500000, 0x0000000086500000| Untracked 
| 102|0x0000000086600000, 0x0000000086600000, 0x0000000086700000|  0%| F|  |TAMS 0x0000000086600000, 0x0000000086600000| Untracked 
| 103|0x0000000086700000, 0x0000000086700000, 0x0000000086800000|  0%| F|  |TAMS 0x0000000086700000, 0x0000000086700000| Untracked 
| 104|0x0000000086800000, 0x0000000086800000, 0x0000000086900000|  0%| F|  |TAMS 0x0000000086800000, 0x0000000086800000| Untracked 
| 105|0x0000000086900000, 0x0000000086900000, 0x0000000086a00000|  0%| F|  |TAMS 0x0000000086900000, 0x0000000086900000| Untracked 
| 106|0x0000000086a00000, 0x0000000086a00000, 0x0000000086b00000|  0%| F|  |TAMS 0x0000000086a00000, 0x0000000086a00000| Untracked 
| 107|0x0000000086b00000, 0x0000000086b00000, 0x0000000086c00000|  0%| F|  |TAMS 0x0000000086b00000, 0x0000000086b00000| Untracked 
| 108|0x0000000086c00000, 0x0000000086c00000, 0x0000000086d00000|  0%| F|  |TAMS 0x0000000086c00000, 0x0000000086c00000| Untracked 
| 109|0x0000000086d00000, 0x0000000086d00000, 0x0000000086e00000|  0%| F|  |TAMS 0x0000000086d00000, 0x0000000086d00000| Untracked 
| 110|0x0000000086e00000, 0x0000000086e00000, 0x0000000086f00000|  0%| F|  |TAMS 0x0000000086e00000, 0x0000000086e00000| Untracked 
| 111|0x0000000086f00000, 0x0000000086f00000, 0x0000000087000000|  0%| F|  |TAMS 0x0000000086f00000, 0x0000000086f00000| Untracked 
| 112|0x0000000087000000, 0x0000000087000000, 0x0000000087100000|  0%| F|  |TAMS 0x0000000087000000, 0x0000000087000000| Untracked 
| 113|0x0000000087100000, 0x0000000087100000, 0x0000000087200000|  0%| F|  |TAMS 0x0000000087100000, 0x0000000087100000| Untracked 
| 114|0x0000000087200000, 0x0000000087200000, 0x0000000087300000|  0%| F|  |TAMS 0x0000000087200000, 0x0000000087200000| Untracked 
| 115|0x0000000087300000, 0x0000000087300000, 0x0000000087400000|  0%| F|  |TAMS 0x0000000087300000, 0x0000000087300000| Untracked 
| 116|0x0000000087400000, 0x0000000087400000, 0x0000000087500000|  0%| F|  |TAMS 0x0000000087400000, 0x0000000087400000| Untracked 
| 117|0x0000000087500000, 0x0000000087500000, 0x0000000087600000|  0%| F|  |TAMS 0x0000000087500000, 0x0000000087500000| Untracked 
| 118|0x0000000087600000, 0x0000000087600000, 0x0000000087700000|  0%| F|  |TAMS 0x0000000087600000, 0x0000000087600000| Untracked 
| 119|0x0000000087700000, 0x0000000087700000, 0x0000000087800000|  0%| F|  |TAMS 0x0000000087700000, 0x0000000087700000| Untracked 
| 120|0x0000000087800000, 0x0000000087800000, 0x0000000087900000|  0%| F|  |TAMS 0x0000000087800000, 0x0000000087800000| Untracked 
| 121|0x0000000087900000, 0x0000000087900000, 0x0000000087a00000|  0%| F|  |TAMS 0x0000000087900000, 0x0000000087900000| Untracked 
| 122|0x0000000087a00000, 0x0000000087a00000, 0x0000000087b00000|  0%| F|  |TAMS 0x0000000087a00000, 0x0000000087a00000| Untracked 
| 123|0x0000000087b00000, 0x0000000087b00000, 0x0000000087c00000|  0%| F|  |TAMS 0x0000000087b00000, 0x0000000087b00000| Untracked 
| 124|0x0000000087c00000, 0x0000000087c00000, 0x0000000087d00000|  0%| F|  |TAMS 0x0000000087c00000, 0x0000000087c00000| Untracked 
| 125|0x0000000087d00000, 0x0000000087d00000, 0x0000000087e00000|  0%| F|  |TAMS 0x0000000087d00000, 0x0000000087d00000| Untracked 
| 126|0x0000000087e00000, 0x0000000087e00000, 0x0000000087f00000|  0%| F|  |TAMS 0x0000000087e00000, 0x0000000087e00000| Untracked 
| 127|0x0000000087f00000, 0x0000000087f00000, 0x0000000088000000|  0%| F|  |TAMS 0x0000000087f00000, 0x0000000087f00000| Untracked 
| 128|0x0000000088000000, 0x0000000088000000, 0x0000000088100000|  0%| F|  |TAMS 0x0000000088000000, 0x0000000088000000| Untracked 
| 129|0x0000000088100000, 0x0000000088100000, 0x0000000088200000|  0%| F|  |TAMS 0x0000000088100000, 0x0000000088100000| Untracked 
| 130|0x0000000088200000, 0x0000000088200000, 0x0000000088300000|  0%| F|  |TAMS 0x0000000088200000, 0x0000000088200000| Untracked 
| 131|0x0000000088300000, 0x0000000088300000, 0x0000000088400000|  0%| F|  |TAMS 0x0000000088300000, 0x0000000088300000| Untracked 
| 132|0x0000000088400000, 0x0000000088400000, 0x0000000088500000|  0%| F|  |TAMS 0x0000000088400000, 0x0000000088400000| Untracked 
| 133|0x0000000088500000, 0x0000000088500000, 0x0000000088600000|  0%| F|  |TAMS 0x0000000088500000, 0x0000000088500000| Untracked 
| 134|0x0000000088600000, 0x0000000088600000, 0x0000000088700000|  0%| F|  |TAMS 0x0000000088600000, 0x0000000088600000| Untracked 
| 135|0x0000000088700000, 0x0000000088700000, 0x0000000088800000|  0%| F|  |TAMS 0x0000000088700000, 0x0000000088700000| Untracked 
| 136|0x0000000088800000, 0x0000000088800000, 0x0000000088900000|  0%| F|  |TAMS 0x0000000088800000, 0x0000000088800000| Untracked 
| 137|0x0000000088900000, 0x0000000088900000, 0x0000000088a00000|  0%| F|  |TAMS 0x0000000088900000, 0x0000000088900000| Untracked 
| 138|0x0000000088a00000, 0x0000000088a00000, 0x0000000088b00000|  0%| F|  |TAMS 0x0000000088a00000, 0x0000000088a00000| Untracked 
| 139|0x0000000088b00000, 0x0000000088b00000, 0x0000000088c00000|  0%| F|  |TAMS 0x0000000088b00000, 0x0000000088b00000| Untracked 
| 140|0x0000000088c00000, 0x0000000088c00000, 0x0000000088d00000|  0%| F|  |TAMS 0x0000000088c00000, 0x0000000088c00000| Untracked 
| 141|0x0000000088d00000, 0x0000000088d00000, 0x0000000088e00000|  0%| F|  |TAMS 0x0000000088d00000, 0x0000000088d00000| Untracked 
| 142|0x0000000088e00000, 0x0000000088e00000, 0x0000000088f00000|  0%| F|  |TAMS 0x0000000088e00000, 0x0000000088e00000| Untracked 
| 143|0x0000000088f00000, 0x0000000088f00000, 0x0000000089000000|  0%| F|  |TAMS 0x0000000088f00000, 0x0000000088f00000| Untracked 
| 144|0x0000000089000000, 0x0000000089000000, 0x0000000089100000|  0%| F|  |TAMS 0x0000000089000000, 0x0000000089000000| Untracked 
| 145|0x0000000089100000, 0x0000000089100000, 0x0000000089200000|  0%| F|  |TAMS 0x0000000089100000, 0x0000000089100000| Untracked 
| 146|0x0000000089200000, 0x0000000089200000, 0x0000000089300000|  0%| F|  |TAMS 0x0000000089200000, 0x0000000089200000| Untracked 
| 147|0x0000000089300000, 0x0000000089300000, 0x0000000089400000|  0%| F|  |TAMS 0x0000000089300000, 0x0000000089300000| Untracked 
| 148|0x0000000089400000, 0x0000000089400000, 0x0000000089500000|  0%| F|  |TAMS 0x0000000089400000, 0x0000000089400000| Untracked 
| 149|0x0000000089500000, 0x0000000089500000, 0x0000000089600000|  0%| F|  |TAMS 0x0000000089500000, 0x0000000089500000| Untracked 
| 150|0x0000000089600000, 0x0000000089600000, 0x0000000089700000|  0%| F|  |TAMS 0x0000000089600000, 0x0000000089600000| Untracked 
| 151|0x0000000089700000, 0x0000000089700000, 0x0000000089800000|  0%| F|  |TAMS 0x0000000089700000, 0x0000000089700000| Untracked 
| 152|0x0000000089800000, 0x0000000089800000, 0x0000000089900000|  0%| F|  |TAMS 0x0000000089800000, 0x0000000089800000| Untracked 
| 153|0x0000000089900000, 0x0000000089900000, 0x0000000089a00000|  0%| F|  |TAMS 0x0000000089900000, 0x0000000089900000| Untracked 
| 154|0x0000000089a00000, 0x0000000089a00000, 0x0000000089b00000|  0%| F|  |TAMS 0x0000000089a00000, 0x0000000089a00000| Untracked 
| 155|0x0000000089b00000, 0x0000000089b00000, 0x0000000089c00000|  0%| F|  |TAMS 0x0000000089b00000, 0x0000000089b00000| Untracked 
| 156|0x0000000089c00000, 0x0000000089c00000, 0x0000000089d00000|  0%| F|  |TAMS 0x0000000089c00000, 0x0000000089c00000| Untracked 
| 157|0x0000000089d00000, 0x0000000089d00000, 0x0000000089e00000|  0%| F|  |TAMS 0x0000000089d00000, 0x0000000089d00000| Untracked 
| 158|0x0000000089e00000, 0x0000000089e00000, 0x0000000089f00000|  0%| F|  |TAMS 0x0000000089e00000, 0x0000000089e00000| Untracked 
| 159|0x0000000089f00000, 0x0000000089f00000, 0x000000008a000000|  0%| F|  |TAMS 0x0000000089f00000, 0x0000000089f00000| Untracked 
| 160|0x000000008a000000, 0x000000008a000000, 0x000000008a100000|  0%| F|  |TAMS 0x000000008a000000, 0x000000008a000000| Untracked 
| 161|0x000000008a100000, 0x000000008a100000, 0x000000008a200000|  0%| F|  |TAMS 0x000000008a100000, 0x000000008a100000| Untracked 
| 162|0x000000008a200000, 0x000000008a200000, 0x000000008a300000|  0%| F|  |TAMS 0x000000008a200000, 0x000000008a200000| Untracked 
| 163|0x000000008a300000, 0x000000008a300000, 0x000000008a400000|  0%| F|  |TAMS 0x000000008a300000, 0x000000008a300000| Untracked 
| 164|0x000000008a400000, 0x000000008a400000, 0x000000008a500000|  0%| F|  |TAMS 0x000000008a400000, 0x000000008a400000| Untracked 
| 165|0x000000008a500000, 0x000000008a500000, 0x000000008a600000|  0%| F|  |TAMS 0x000000008a500000, 0x000000008a500000| Untracked 
| 166|0x000000008a600000, 0x000000008a600000, 0x000000008a700000|  0%| F|  |TAMS 0x000000008a600000, 0x000000008a600000| Untracked 
| 167|0x000000008a700000, 0x000000008a700000, 0x000000008a800000|  0%| F|  |TAMS 0x000000008a700000, 0x000000008a700000| Untracked 
| 168|0x000000008a800000, 0x000000008a800000, 0x000000008a900000|  0%| F|  |TAMS 0x000000008a800000, 0x000000008a800000| Untracked 
| 169|0x000000008a900000, 0x000000008a900000, 0x000000008aa00000|  0%| F|  |TAMS 0x000000008a900000, 0x000000008a900000| Untracked 
| 170|0x000000008aa00000, 0x000000008aa00000, 0x000000008ab00000|  0%| F|  |TAMS 0x000000008aa00000, 0x000000008aa00000| Untracked 
| 171|0x000000008ab00000, 0x000000008ab00000, 0x000000008ac00000|  0%| F|  |TAMS 0x000000008ab00000, 0x000000008ab00000| Untracked 
| 172|0x000000008ac00000, 0x000000008ac00000, 0x000000008ad00000|  0%| F|  |TAMS 0x000000008ac00000, 0x000000008ac00000| Untracked 
| 173|0x000000008ad00000, 0x000000008ad00000, 0x000000008ae00000|  0%| F|  |TAMS 0x000000008ad00000, 0x000000008ad00000| Untracked 
| 174|0x000000008ae00000, 0x000000008ae00000, 0x000000008af00000|  0%| F|  |TAMS 0x000000008ae00000, 0x000000008ae00000| Untracked 
| 175|0x000000008af00000, 0x000000008af00000, 0x000000008b000000|  0%| F|  |TAMS 0x000000008af00000, 0x000000008af00000| Untracked 
| 176|0x000000008b000000, 0x000000008b000000, 0x000000008b100000|  0%| F|  |TAMS 0x000000008b000000, 0x000000008b000000| Untracked 
| 177|0x000000008b100000, 0x000000008b100000, 0x000000008b200000|  0%| F|  |TAMS 0x000000008b100000, 0x000000008b100000| Untracked 
| 178|0x000000008b200000, 0x000000008b200000, 0x000000008b300000|  0%| F|  |TAMS 0x000000008b200000, 0x000000008b200000| Untracked 
| 179|0x000000008b300000, 0x000000008b300000, 0x000000008b400000|  0%| F|  |TAMS 0x000000008b300000, 0x000000008b300000| Untracked 
| 180|0x000000008b400000, 0x000000008b400000, 0x000000008b500000|  0%| F|  |TAMS 0x000000008b400000, 0x000000008b400000| Untracked 
| 181|0x000000008b500000, 0x000000008b500000, 0x000000008b600000|  0%| F|  |TAMS 0x000000008b500000, 0x000000008b500000| Untracked 
| 182|0x000000008b600000, 0x000000008b600000, 0x000000008b700000|  0%| F|  |TAMS 0x000000008b600000, 0x000000008b600000| Untracked 
| 183|0x000000008b700000, 0x000000008b700000, 0x000000008b800000|  0%| F|  |TAMS 0x000000008b700000, 0x000000008b700000| Untracked 
| 184|0x000000008b800000, 0x000000008b800000, 0x000000008b900000|  0%| F|  |TAMS 0x000000008b800000, 0x000000008b800000| Untracked 
| 185|0x000000008b900000, 0x000000008b900000, 0x000000008ba00000|  0%| F|  |TAMS 0x000000008b900000, 0x000000008b900000| Untracked 
| 186|0x000000008ba00000, 0x000000008ba00000, 0x000000008bb00000|  0%| F|  |TAMS 0x000000008ba00000, 0x000000008ba00000| Untracked 
| 187|0x000000008bb00000, 0x000000008bb00000, 0x000000008bc00000|  0%| F|  |TAMS 0x000000008bb00000, 0x000000008bb00000| Untracked 
| 188|0x000000008bc00000, 0x000000008bc00000, 0x000000008bd00000|  0%| F|  |TAMS 0x000000008bc00000, 0x000000008bc00000| Untracked 
| 189|0x000000008bd00000, 0x000000008bd00000, 0x000000008be00000|  0%| F|  |TAMS 0x000000008bd00000, 0x000000008bd00000| Untracked 
| 190|0x000000008be00000, 0x000000008be00000, 0x000000008bf00000|  0%| F|  |TAMS 0x000000008be00000, 0x000000008be00000| Untracked 
| 191|0x000000008bf00000, 0x000000008bf00000, 0x000000008c000000|  0%| F|  |TAMS 0x000000008bf00000, 0x000000008bf00000| Untracked 
| 192|0x000000008c000000, 0x000000008c000000, 0x000000008c100000|  0%| F|  |TAMS 0x000000008c000000, 0x000000008c000000| Untracked 
| 193|0x000000008c100000, 0x000000008c100000, 0x000000008c200000|  0%| F|  |TAMS 0x000000008c100000, 0x000000008c100000| Untracked 
| 194|0x000000008c200000, 0x000000008c200000, 0x000000008c300000|  0%| F|  |TAMS 0x000000008c200000, 0x000000008c200000| Untracked 
| 195|0x000000008c300000, 0x000000008c300000, 0x000000008c400000|  0%| F|  |TAMS 0x000000008c300000, 0x000000008c300000| Untracked 
| 196|0x000000008c400000, 0x000000008c400000, 0x000000008c500000|  0%| F|  |TAMS 0x000000008c400000, 0x000000008c400000| Untracked 
| 197|0x000000008c500000, 0x000000008c500000, 0x000000008c600000|  0%| F|  |TAMS 0x000000008c500000, 0x000000008c500000| Untracked 
| 198|0x000000008c600000, 0x000000008c600000, 0x000000008c700000|  0%| F|  |TAMS 0x000000008c600000, 0x000000008c600000| Untracked 
| 199|0x000000008c700000, 0x000000008c700000, 0x000000008c800000|  0%| F|  |TAMS 0x000000008c700000, 0x000000008c700000| Untracked 
| 200|0x000000008c800000, 0x000000008c800000, 0x000000008c900000|  0%| F|  |TAMS 0x000000008c800000, 0x000000008c800000| Untracked 
| 201|0x000000008c900000, 0x000000008c900000, 0x000000008ca00000|  0%| F|  |TAMS 0x000000008c900000, 0x000000008c900000| Untracked 
| 202|0x000000008ca00000, 0x000000008ca00000, 0x000000008cb00000|  0%| F|  |TAMS 0x000000008ca00000, 0x000000008ca00000| Untracked 
| 203|0x000000008cb00000, 0x000000008cb00000, 0x000000008cc00000|  0%| F|  |TAMS 0x000000008cb00000, 0x000000008cb00000| Untracked 
| 204|0x000000008cc00000, 0x000000008cc00000, 0x000000008cd00000|  0%| F|  |TAMS 0x000000008cc00000, 0x000000008cc00000| Untracked 
| 205|0x000000008cd00000, 0x000000008cd00000, 0x000000008ce00000|  0%| F|  |TAMS 0x000000008cd00000, 0x000000008cd00000| Untracked 
| 206|0x000000008ce00000, 0x000000008ce00000, 0x000000008cf00000|  0%| F|  |TAMS 0x000000008ce00000, 0x000000008ce00000| Untracked 
| 207|0x000000008cf00000, 0x000000008cf00000, 0x000000008d000000|  0%| F|  |TAMS 0x000000008cf00000, 0x000000008cf00000| Untracked 
| 208|0x000000008d000000, 0x000000008d000000, 0x000000008d100000|  0%| F|  |TAMS 0x000000008d000000, 0x000000008d000000| Untracked 
| 209|0x000000008d100000, 0x000000008d100000, 0x000000008d200000|  0%| F|  |TAMS 0x000000008d100000, 0x000000008d100000| Untracked 
| 210|0x000000008d200000, 0x000000008d200000, 0x000000008d300000|  0%| F|  |TAMS 0x000000008d200000, 0x000000008d200000| Untracked 
| 211|0x000000008d300000, 0x000000008d300000, 0x000000008d400000|  0%| F|  |TAMS 0x000000008d300000, 0x000000008d300000| Untracked 
| 212|0x000000008d400000, 0x000000008d400000, 0x000000008d500000|  0%| F|  |TAMS 0x000000008d400000, 0x000000008d400000| Untracked 
| 213|0x000000008d500000, 0x000000008d500000, 0x000000008d600000|  0%| F|  |TAMS 0x000000008d500000, 0x000000008d500000| Untracked 
| 214|0x000000008d600000, 0x000000008d600000, 0x000000008d700000|  0%| F|  |TAMS 0x000000008d600000, 0x000000008d600000| Untracked 
| 215|0x000000008d700000, 0x000000008d700000, 0x000000008d800000|  0%| F|  |TAMS 0x000000008d700000, 0x000000008d700000| Untracked 
| 216|0x000000008d800000, 0x000000008d800000, 0x000000008d900000|  0%| F|  |TAMS 0x000000008d800000, 0x000000008d800000| Untracked 
| 217|0x000000008d900000, 0x000000008d900000, 0x000000008da00000|  0%| F|  |TAMS 0x000000008d900000, 0x000000008d900000| Untracked 
| 218|0x000000008da00000, 0x000000008da00000, 0x000000008db00000|  0%| F|  |TAMS 0x000000008da00000, 0x000000008da00000| Untracked 
| 219|0x000000008db00000, 0x000000008db00000, 0x000000008dc00000|  0%| F|  |TAMS 0x000000008db00000, 0x000000008db00000| Untracked 
| 220|0x000000008dc00000, 0x000000008dc00000, 0x000000008dd00000|  0%| F|  |TAMS 0x000000008dc00000, 0x000000008dc00000| Untracked 
| 221|0x000000008dd00000, 0x000000008dd00000, 0x000000008de00000|  0%| F|  |TAMS 0x000000008dd00000, 0x000000008dd00000| Untracked 
| 222|0x000000008de00000, 0x000000008de00000, 0x000000008df00000|  0%| F|  |TAMS 0x000000008de00000, 0x000000008de00000| Untracked 
| 223|0x000000008df00000, 0x000000008df00000, 0x000000008e000000|  0%| F|  |TAMS 0x000000008df00000, 0x000000008df00000| Untracked 
| 224|0x000000008e000000, 0x000000008e000000, 0x000000008e100000|  0%| F|  |TAMS 0x000000008e000000, 0x000000008e000000| Untracked 
| 225|0x000000008e100000, 0x000000008e100000, 0x000000008e200000|  0%| F|  |TAMS 0x000000008e100000, 0x000000008e100000| Untracked 
| 226|0x000000008e200000, 0x000000008e200000, 0x000000008e300000|  0%| F|  |TAMS 0x000000008e200000, 0x000000008e200000| Untracked 
| 227|0x000000008e300000, 0x000000008e300000, 0x000000008e400000|  0%| F|  |TAMS 0x000000008e300000, 0x000000008e300000| Untracked 
| 228|0x000000008e400000, 0x000000008e400000, 0x000000008e500000|  0%| F|  |TAMS 0x000000008e400000, 0x000000008e400000| Untracked 
| 229|0x000000008e500000, 0x000000008e500000, 0x000000008e600000|  0%| F|  |TAMS 0x000000008e500000, 0x000000008e500000| Untracked 
| 230|0x000000008e600000, 0x000000008e600000, 0x000000008e700000|  0%| F|  |TAMS 0x000000008e600000, 0x000000008e600000| Untracked 
| 231|0x000000008e700000, 0x000000008e700000, 0x000000008e800000|  0%| F|  |TAMS 0x000000008e700000, 0x000000008e700000| Untracked 
| 232|0x000000008e800000, 0x000000008e800000, 0x000000008e900000|  0%| F|  |TAMS 0x000000008e800000, 0x000000008e800000| Untracked 
| 233|0x000000008e900000, 0x000000008e900000, 0x000000008ea00000|  0%| F|  |TAMS 0x000000008e900000, 0x000000008e900000| Untracked 
| 234|0x000000008ea00000, 0x000000008ea00000, 0x000000008eb00000|  0%| F|  |TAMS 0x000000008ea00000, 0x000000008ea00000| Untracked 
| 235|0x000000008eb00000, 0x000000008eb00000, 0x000000008ec00000|  0%| F|  |TAMS 0x000000008eb00000, 0x000000008eb00000| Untracked 
| 236|0x000000008ec00000, 0x000000008ec00000, 0x000000008ed00000|  0%| F|  |TAMS 0x000000008ec00000, 0x000000008ec00000| Untracked 
| 237|0x000000008ed00000, 0x000000008ed00000, 0x000000008ee00000|  0%| F|  |TAMS 0x000000008ed00000, 0x000000008ed00000| Untracked 
| 238|0x000000008ee00000, 0x000000008ee00000, 0x000000008ef00000|  0%| F|  |TAMS 0x000000008ee00000, 0x000000008ee00000| Untracked 
| 239|0x000000008ef00000, 0x000000008ef00000, 0x000000008f000000|  0%| F|  |TAMS 0x000000008ef00000, 0x000000008ef00000| Untracked 
| 240|0x000000008f000000, 0x000000008f000000, 0x000000008f100000|  0%| F|  |TAMS 0x000000008f000000, 0x000000008f000000| Untracked 
| 241|0x000000008f100000, 0x000000008f100000, 0x000000008f200000|  0%| F|  |TAMS 0x000000008f100000, 0x000000008f100000| Untracked 
| 242|0x000000008f200000, 0x000000008f200000, 0x000000008f300000|  0%| F|  |TAMS 0x000000008f200000, 0x000000008f200000| Untracked 
| 243|0x000000008f300000, 0x000000008f300000, 0x000000008f400000|  0%| F|  |TAMS 0x000000008f300000, 0x000000008f300000| Untracked 
| 244|0x000000008f400000, 0x000000008f400000, 0x000000008f500000|  0%| F|  |TAMS 0x000000008f400000, 0x000000008f400000| Untracked 
| 245|0x000000008f500000, 0x000000008f500000, 0x000000008f600000|  0%| F|  |TAMS 0x000000008f500000, 0x000000008f500000| Untracked 
| 246|0x000000008f600000, 0x000000008f600000, 0x000000008f700000|  0%| F|  |TAMS 0x000000008f600000, 0x000000008f600000| Untracked 
| 247|0x000000008f700000, 0x000000008f700000, 0x000000008f800000|  0%| F|  |TAMS 0x000000008f700000, 0x000000008f700000| Untracked 
| 248|0x000000008f800000, 0x000000008f800000, 0x000000008f900000|  0%| F|  |TAMS 0x000000008f800000, 0x000000008f800000| Untracked 
| 249|0x000000008f900000, 0x000000008f900000, 0x000000008fa00000|  0%| F|  |TAMS 0x000000008f900000, 0x000000008f900000| Untracked 
| 250|0x000000008fa00000, 0x000000008fa00000, 0x000000008fb00000|  0%| F|  |TAMS 0x000000008fa00000, 0x000000008fa00000| Untracked 
| 251|0x000000008fb00000, 0x000000008fb00000, 0x000000008fc00000|  0%| F|  |TAMS 0x000000008fb00000, 0x000000008fb00000| Untracked 
| 252|0x000000008fc00000, 0x000000008fc00000, 0x000000008fd00000|  0%| F|  |TAMS 0x000000008fc00000, 0x000000008fc00000| Untracked 
| 253|0x000000008fd00000, 0x000000008fd00000, 0x000000008fe00000|  0%| F|  |TAMS 0x000000008fd00000, 0x000000008fd00000| Untracked 
| 254|0x000000008fe00000, 0x000000008fe87570, 0x000000008ff00000| 52%| E|  |TAMS 0x000000008fe00000, 0x000000008fe00000| Complete 
| 255|0x000000008ff00000, 0x0000000090000000, 0x0000000090000000|100%| E|CS|TAMS 0x000000008ff00000, 0x000000008ff00000| Complete 

Card table byte_map: [0x000001f7329b0000,0x000001f732db0000] _byte_map_base: 0x000001f7325b0000

Marking Bits (Prev, Next): (CMBitMap*) 0x000001f71a0805b0, (CMBitMap*) 0x000001f71a0805f0
 Prev Bits: [0x000001f7331b0000, 0x000001f7351b0000)
 Next Bits: [0x000001f7351b0000, 0x000001f7371b0000)

Polling page: 0x000001f71a110000

Metaspace:

Usage:
  Non-class:    364.42 KB used.
      Class:     26.09 KB used.
       Both:    390.52 KB used.

Virtual space:
  Non-class space:        8.00 MB reserved,     384.00 KB (  5%) committed,  1 nodes.
      Class space:        1.00 GB reserved,     128.00 KB ( <1%) committed,  1 nodes.
              Both:        1.01 GB reserved,     512.00 KB ( <1%) committed. 

Chunk freelists:
   Non-Class:  3.94 MB
       Class:  3.73 MB
        Both:  7.67 MB

MaxMetaspaceSize: 17179869184.00 GB
CompressedClassSpaceSize: 1.00 GB
 - commit_granule_bytes: 65536.
 - commit_granule_words: 8192.
 - virtual_space_node_default_size: 1048576.
 - enlarge_chunks_in_place: 1.
 - new_chunks_are_fully_committed: 0.
 - uncommit_free_chunks: 1.
 - use_allocation_guard: 0.
 - handle_deallocations: 1.


Internal statistics:

num_allocs_failed_limit: 0.
num_arena_births: 4.
num_arena_deaths: 0.
num_vsnodes_births: 2.
num_vsnodes_deaths: 0.
num_space_committed: 8.
num_space_uncommitted: 0.
num_chunks_returned_to_freelist: 0.
num_chunks_taken_from_freelist: 11.
num_chunk_merges: 0.
num_chunk_splits: 5.
num_chunks_enlarged: 6.
num_purges: 0.

CodeHeap 'non-profiled nmethods': size=120000Kb used=19Kb max_used=19Kb free=119980Kb
 bounds [0x000001f72aa50000, 0x000001f72acc0000, 0x000001f731f80000]
CodeHeap 'profiled nmethods': size=120000Kb used=153Kb max_used=153Kb free=119846Kb
 bounds [0x000001f723520000, 0x000001f723790000, 0x000001f72aa50000]
CodeHeap 'non-nmethods': size=5760Kb used=1080Kb max_used=1092Kb free=4679Kb
 bounds [0x000001f722f80000, 0x000001f7231f0000, 0x000001f723520000]
 total_blobs=449 nmethods=108 adapters=254
 compilation: enabled
              stopped_count=0, restarted_count=0
 full_count=0

Compilation events (20 events):
Event: 0.195 Thread 0x000001f7398103a0  100       3       java.net.URL::equals (24 bytes)
Event: 0.196 Thread 0x000001f7398103a0 nmethod 100 0x000001f723540110 code [0x000001f723540300, 0x000001f723540ab8]
Event: 0.196 Thread 0x000001f7398103a0   99       3       java.lang.String::equalsIgnoreCase (45 bytes)
Event: 0.197 Thread 0x000001f7398103a0 nmethod 99 0x000001f723540c90 code [0x000001f723540e80, 0x000001f7235413e8]
Event: 0.197 Thread 0x000001f7398103a0  101       3       jdk.internal.util.ArraysSupport::newLength (23 bytes)
Event: 0.197 Thread 0x000001f7398103a0 nmethod 101 0x000001f723541610 code [0x000001f7235417e0, 0x000001f723541bc8]
Event: 0.197 Thread 0x000001f7398103a0  102       3       java.net.URLStreamHandler::sameFile (136 bytes)
Event: 0.198 Thread 0x000001f7398103a0 nmethod 102 0x000001f723541d10 code [0x000001f723541f40, 0x000001f723542808]
Event: 0.199 Thread 0x000001f739807570  103       4       java.lang.String::isLatin1 (19 bytes)
Event: 0.199 Thread 0x000001f739807570 nmethod 103 0x000001f72aa54c90 code [0x000001f72aa54e00, 0x000001f72aa54e98]
Event: 0.199 Thread 0x000001f7398103a0  104       3       java.net.URI$Parser::scan (76 bytes)
Event: 0.201 Thread 0x000001f7398103a0 nmethod 104 0x000001f723542a10 code [0x000001f723542c40, 0x000001f7235434d8]
Event: 0.201 Thread 0x000001f7398103a0  105       3       java.util.Arrays::copyOf (19 bytes)
Event: 0.201 Thread 0x000001f7398103a0 nmethod 105 0x000001f723543890 code [0x000001f723543a40, 0x000001f723543d28]
Event: 0.201 Thread 0x000001f7398103a0  106       3       java.lang.StringLatin1::replace (198 bytes)
Event: 0.202 Thread 0x000001f7398103a0 nmethod 106 0x000001f723543e90 code [0x000001f723544120, 0x000001f723544ea8]
Event: 0.204 Thread 0x000001f7398103a0  107       3       java.lang.CharacterData::of (124 bytes)
Event: 0.204 Thread 0x000001f7398103a0 nmethod 107 0x000001f723545390 code [0x000001f7235455c0, 0x000001f723545ef8]
Event: 0.236 Thread 0x000001f7398103a0  108       3       java.util.zip.ZipUtils::LG (22 bytes)
Event: 0.237 Thread 0x000001f7398103a0 nmethod 108 0x000001f723546110 code [0x000001f7235462c0, 0x000001f723546538]

GC Heap History (0 events):
No events

Deoptimization events (0 events):
No events

Classes unloaded (0 events):
No events

Classes redefined (0 events):
No events

Internal exceptions (0 events):
No events

Events (20 events):
Event: 0.165 loading class java/net/MalformedURLException
Event: 0.165 loading class java/net/MalformedURLException done
Event: 0.167 loading class java/io/Reader
Event: 0.167 loading class java/io/Reader done
Event: 0.167 loading class java/io/InputStreamReader
Event: 0.168 loading class java/io/InputStreamReader done
Event: 0.168 loading class java/io/FileNotFoundException
Event: 0.168 loading class java/io/FileNotFoundException done
Event: 0.168 loading class java/io/FilenameFilter
Event: 0.168 loading class java/io/FilenameFilter done
Event: 0.168 loading class java/io/BufferedReader
Event: 0.168 loading class java/io/BufferedReader done
Event: 0.169 loading class sun/nio/cs/StreamDecoder
Event: 0.169 loading class sun/nio/cs/StreamDecoder done
Event: 0.169 loading class sun/nio/cs/UTF_8$Decoder
Event: 0.169 loading class sun/nio/cs/UTF_8$Decoder done
Event: 0.203 loading class java/net/URLClassLoader$1
Event: 0.203 loading class java/net/URLClassLoader$1 done
Event: 0.203 loading class jdk/internal/loader/URLClassPath$FileLoader
Event: 0.203 loading class jdk/internal/loader/URLClassPath$FileLoader done


Dynamic libraries:
0x00007ff785890000 - 0x00007ff7858a0000 	C:\Program Files\Java\jdk-16.0.2\bin\java.exe
0x00007ffdad010000 - 0x00007ffdad1f1000 	C:\WINDOWS\SYSTEM32\ntdll.dll
0x00007ffdaaa20000 - 0x00007ffdaaad1000 	C:\WINDOWS\System32\KERNEL32.DLL
0x00007ffda94c0000 - 0x00007ffda9733000 	C:\WINDOWS\System32\KERNELBASE.dll
0x00007ffdaa060000 - 0x00007ffdaa158000 	C:\WINDOWS\System32\ucrtbase.dll
0x00007ffd939a0000 - 0x00007ffd939b8000 	C:\Program Files\Java\jdk-16.0.2\bin\jli.dll
0x00007ffd93980000 - 0x00007ffd93999000 	C:\Program Files\Java\jdk-16.0.2\bin\VCRUNTIME140.dll
0x00007ffdaabb0000 - 0x00007ffdaac51000 	C:\WINDOWS\System32\ADVAPI32.dll
0x00007ffdaa980000 - 0x00007ffdaaa1e000 	C:\WINDOWS\System32\msvcrt.dll
0x00007ffdab390000 - 0x00007ffdab3eb000 	C:\WINDOWS\System32\sechost.dll
0x00007ffdaba60000 - 0x00007ffdabb84000 	C:\WINDOWS\System32\RPCRT4.dll
0x00007ffdab200000 - 0x00007ffdab390000 	C:\WINDOWS\System32\USER32.dll
0x00007ffda98e0000 - 0x00007ffda9900000 	C:\WINDOWS\System32\win32u.dll
0x00007ffd956c0000 - 0x00007ffd95929000 	C:\WINDOWS\WinSxS\amd64_microsoft.windows.common-controls_6595b64144ccf1df_6.0.17134.885_none_fb42a3473065565f\COMCTL32.dll
0x00007ffdaab80000 - 0x00007ffdaaba8000 	C:\WINDOWS\System32\GDI32.dll
0x00007ffda9740000 - 0x00007ffda98d1000 	C:\WINDOWS\System32\gdi32full.dll
0x00007ffdaa650000 - 0x00007ffdaa972000 	C:\WINDOWS\System32\combase.dll
0x00007ffdaa160000 - 0x00007ffdaa1ff000 	C:\WINDOWS\System32\msvcp_win.dll
0x00007ffda9440000 - 0x00007ffda94b9000 	C:\WINDOWS\System32\bcryptPrimitives.dll
0x00007ffda31b0000 - 0x00007ffda31ba000 	C:\WINDOWS\SYSTEM32\VERSION.dll
0x00007ffdab980000 - 0x00007ffdab9ad000 	C:\WINDOWS\System32\IMM32.DLL
0x00007ffd93970000 - 0x00007ffd9397c000 	C:\Program Files\Java\jdk-16.0.2\bin\vcruntime140_1.dll
0x00007ffd938d0000 - 0x00007ffd93961000 	C:\Program Files\Java\jdk-16.0.2\bin\msvcp140.dll
0x00007ffd92d20000 - 0x00007ffd938cb000 	C:\Program Files\Java\jdk-16.0.2\bin\server\jvm.dll
0x00007ffdacfd0000 - 0x00007ffdacfd8000 	C:\WINDOWS\System32\PSAPI.DLL
0x00007ffda5250000 - 0x00007ffda5273000 	C:\WINDOWS\SYSTEM32\WINMM.dll
0x00007ffd92190000 - 0x00007ffd92199000 	C:\WINDOWS\SYSTEM32\WSOCK32.dll
0x00007ffdab190000 - 0x00007ffdab1fc000 	C:\WINDOWS\System32\WS2_32.dll
0x00007ffda4c00000 - 0x00007ffda4c2a000 	C:\WINDOWS\SYSTEM32\winmmbase.dll
0x00007ffdaa010000 - 0x00007ffdaa059000 	C:\WINDOWS\System32\cfgmgr32.dll
0x00007ffda9380000 - 0x00007ffda9391000 	C:\WINDOWS\System32\kernel.appcore.dll
0x00007ffd94b50000 - 0x00007ffd94b5a000 	C:\Program Files\Java\jdk-16.0.2\bin\jimage.dll
0x00007ffda8ee0000 - 0x00007ffda90a9000 	C:\WINDOWS\SYSTEM32\DBGHELP.DLL
0x00007ffda8df0000 - 0x00007ffda8e19000 	C:\WINDOWS\SYSTEM32\dbgcore.DLL
0x00007ffd91800000 - 0x00007ffd91825000 	C:\Program Files\Java\jdk-16.0.2\bin\java.dll
0x00007ffdabb90000 - 0x00007ffdacfd0000 	C:\WINDOWS\System32\SHELL32.dll
0x00007ffdab9b0000 - 0x00007ffdaba59000 	C:\WINDOWS\System32\shcore.dll
0x00007ffda9900000 - 0x00007ffdaa00d000 	C:\WINDOWS\System32\windows.storage.dll
0x00007ffdaa590000 - 0x00007ffdaa5e1000 	C:\WINDOWS\System32\shlwapi.dll
0x00007ffda93c0000 - 0x00007ffda93df000 	C:\WINDOWS\System32\profapi.dll
0x00007ffda9330000 - 0x00007ffda937c000 	C:\WINDOWS\System32\powrprof.dll
0x00007ffda9320000 - 0x00007ffda932a000 	C:\WINDOWS\System32\FLTLIB.DLL
0x00007ffd997f0000 - 0x00007ffd99809000 	C:\Program Files\Java\jdk-16.0.2\bin\net.dll
0x00007ffda4730000 - 0x00007ffda480d000 	C:\WINDOWS\SYSTEM32\WINHTTP.dll
0x00007ffda8790000 - 0x00007ffda87f6000 	C:\WINDOWS\system32\mswsock.dll
0x00007ffd99790000 - 0x00007ffd997a3000 	C:\Program Files\Java\jdk-16.0.2\bin\nio.dll
0x00007ffd99770000 - 0x00007ffd99788000 	C:\Program Files\Java\jdk-16.0.2\bin\zip.dll

dbghelp: loaded successfully - version: 4.0.5 - missing functions: none
symbol engine: initialized successfully - sym options: 0x614 - pdb path: .;C:\Program Files\Java\jdk-16.0.2\bin;C:\WINDOWS\SYSTEM32;C:\WINDOWS\WinSxS\amd64_microsoft.windows.common-controls_6595b64144ccf1df_6.0.17134.885_none_fb42a3473065565f;C:\Program Files\Java\jdk-16.0.2\bin\server

VM Arguments:
jvm_args: -Dclassworlds.conf=C:/apache-maven-3.8.4/bin/m2.conf -Dmaven.home=C:/apache-maven-3.8.4 -Dlibrary.jansi.path=C:/apache-maven-3.8.4/lib/jansi-native -Dmaven.multiModuleProjectDirectory=C:/Users/stagiaire-it/Documents/projet-test/backend/java-fonctional-programming -Xmx2048M 
java_command: org.codehaus.plexus.classworlds.launcher.Launcher spring-boot:run -X
java_class_path (initial): C:/apache-maven-3.8.4/boot/plexus-classworlds-2.6.0.jar
Launcher Type: SUN_STANDARD

[Global flags]
     intx CICompilerCount                          = 3                                         {product} {ergonomic}
     uint ConcGCThreads                            = 1                                         {product} {ergonomic}
     uint G1ConcRefinementThreads                  = 4                                         {product} {ergonomic}
   size_t G1HeapRegionSize                         = 1048576                                   {product} {ergonomic}
    uintx GCDrainStackTargetSize                   = 64                                        {product} {ergonomic}
   size_t InitialHeapSize                          = 268435456                                 {product} {ergonomic}
   size_t MarkStackSize                            = 4194304                                   {product} {ergonomic}
   size_t MaxHeapSize                              = 2147483648                                {product} {command line}
   size_t MaxNewSize                               = 1287651328                                {product} {ergonomic}
   size_t MinHeapDeltaBytes                        = 1048576                                   {product} {ergonomic}
   size_t MinHeapSize                              = 8388608                                   {product} {ergonomic}
    uintx NonNMethodCodeHeapSize                   = 5832780                                {pd product} {ergonomic}
    uintx NonProfiledCodeHeapSize                  = 122912730                              {pd product} {ergonomic}
    uintx ProfiledCodeHeapSize                     = 122912730                              {pd product} {ergonomic}
    uintx ReservedCodeCacheSize                    = 251658240                              {pd product} {ergonomic}
     bool SegmentedCodeCache                       = true                                      {product} {ergonomic}
   size_t SoftMaxHeapSize                          = 2147483648                             {manageable} {ergonomic}
     bool UseCompressedClassPointers               = true                           {product lp64_product} {ergonomic}
     bool UseCompressedOops                        = true                           {product lp64_product} {ergonomic}
     bool UseG1GC                                  = true                                      {product} {ergonomic}
     bool UseLargePagesIndividualAllocation        = false                                  {pd product} {ergonomic}

Logging:
Log output configuration:
 #0: stdout all=warning uptime,level,tags
 #1: stderr all=off uptime,level,tags

Environment Variables:
JAVA_HOME=C:/Program Files/Java/jdk-16.0.2
_JAVA_OPTIONS=-Xmx2048M
PATH=C:\Users\stagiaire-it\bin;C:\Users\stagiaire-it\AppData\Local\Programs\Git\mingw64\bin;C:\Users\stagiaire-it\AppData\Local\Programs\Git\usr\local\bin;C:\Users\stagiaire-it\AppData\Local\Programs\Git\usr\bin;C:\Users\stagiaire-it\AppData\Local\Programs\Git\usr\bin;C:\Users\stagiaire-it\AppData\Local\Programs\Git\mingw64\bin;C:\Users\stagiaire-it\AppData\Local\Programs\Git\usr\bin;C:\Users\stagiaire-it\bin;C:\Users\stagiaire-it\AppData\Local\cloud-code\installer\google-cloud-sdk\bin;C:\Program Files (x86)\VMware\VMware Workstation\bin;C:\Python310\Scripts;C:\Python310;C:\Program Files\Common Files\Oracle\Java\javapath;C:\Program Files (x86)\Common Files\Oracle\Java\javapath;C:\WINDOWS\system32;C:\WINDOWS;C:\WINDOWS\System32\Wbem;C:\WINDOWS\System32\WindowsPowerShell\v1.0;C:\WINDOWS\System32\OpenSSH;C:\Program Files (x86)\Google\Google Apps Sync;C:\Program Files (x86)\Google\Google Apps Migration;C:\Program Files (x86)\HP\Common\HPDestPlgIn;C:\Program Files (x86)\HP\IdrsOCR_15.3.1129.0;C:\Program Files\Java\jdk-16.0.2\bin;C:\xampp\tomcat\bin;C:\apache-maven-3.8.4\bin;C:\Program Files\dotnet;C:\Users\stagiaire-it\AppData\Local\Android\Sdk;C:\Users\stagiaire-it\AppData\Local\Android\Sdk\platforms;C:\Users\stagiaire-it\AppData\Local\Android\Sdk\platform-tools;C:\Program Files\PostgreSQL\14\bin;C:\tools\flutter\bin;C:\Program Files\nodejs;C:\Program Files\Docker\Docker\resources\bin;C:\ProgramData\DockerDesktop\version-bin;C:\Program Files\Graphviz\bin;C:\Program Files\MongoDB\Server\6.0\bin;C:\mongosh-1.6.0-win32-x64\bin;C:\Users\stagiaire-it\AppData\Local\Programs\Python\Python310\Scripts;C:\Users\stagiaire-it\AppData\Local\Programs\Python\Python310;C:\Users\stagiaire-it\AppData\Local\Microsoft\WindowsApps;C:\Users\stagiaire-it\AppData\Local\Programs\Microsoft VS Code\bin;C:\Users\stagiaire-it\AppData\Local\Programs\Git\cmd;C:\Users\stagiaire-it\AppData\Local\JetBrains\IntelliJ IDEA Community Edition 2021.3.2\bin;C:\Users\stagiaire-it\AppData\Roaming\npm;C:\Users\stagi
USERNAME=stagiaire-it
SHELL=C:\Users\stagiaire-it\AppData\Local\Programs\Git\usr\bin\bash.exe
DISPLAY=needs-to-be-defined
LANG=fr_FR.UTF-8
OS=Windows_NT
PROCESSOR_IDENTIFIER=Intel64 Family 6 Model 158 Stepping 9, GenuineIntel



---------------  S Y S T E M  ---------------

OS:
 Windows 10 , 64 bit Build 17134 (10.0.17134.753)
OS uptime: 0 days 1:12 hours
Hyper-V role detected

CPU: total 4 (initial active 4) (4 cores per cpu, 1 threads per core) family 6 model 158 stepping 9 microcode 0x8e, cx8, cmov, fxsr, mmx, 3dnowpref, sse, sse2, sse3, ssse3, sse4.1, sse4.2, popcnt, lzcnt, tsc, tscinvbit, avx, avx2, aes, erms, clmul, bmi1, bmi2, rtm, adx, fma, vzeroupper, clflush, clflushopt, hv

Memory: 4k page, system-wide physical 16263M (8322M free)
TotalPageFile size 26503M (AvailPageFile size 13965M)
current process WorkingSet (physical memory assigned to process): 28M, peak: 28M
current process commit charge ("private bytes"): 334M, peak: 334M

vm_info: Java HotSpot(TM) 64-Bit Server VM (16.0.2+7-67) for windows-amd64 JRE (16.0.2+7-67), built on Jun  8 2021 23:24:19 by "mach5one" with MS VC++ 16.7 (VS2019)

END.
